
                                      ARENA Simulation Results
                                     User - License:           

                                  Summary for Replication 1 of 1

Project: Unnamed Project                                             Run execution date : 2/11/2021
Analyst: User                                                        Model revision date: 2/11/2021

Replication ended at time      : 13.0 Hours 
Base Time Units: Hours

                                           TALLY VARIABLES

Identifier                                  Average   Half Width  Minimum    Maximum   Observations
___________________________________________________________________________________________________

Car.VATime                                  .18344     (Insuf)    .16933     .19707        172    
Car.NVATime                                 .00000     (Insuf)    .00000     .00000        172    
Car.WaitTime                                .33017     (Insuf)    .00000     1.1004        172    
Car.TranTime                                .00000     (Insuf)    .00000     .00000        172    
Car.OtherTime                               .00000     (Insuf)    .00000     .00000        172    
Car.TotalTime                               .51361     (Insuf)    .17109     1.2697        172    
Queue.Queue.WaitingTime                     .14281     (Insuf)    .00000     .64930        174    
Machine_1.Queue.WaitingTime                 .08106     (Insuf)    .00000     .42967         79    
Machine_2.Queue.WaitingTime                 .27301     (Insuf)    .00000     .59024         94    

                                     DISCRETE-CHANGE VARIABLES

Identifier                                  Average   Half Width  Minimum    Maximum   Final Value
___________________________________________________________________________________________________

Car.WIP                                     6.8184     (Corr)     .00000     16.000     2.0000    
QUE.NumberBusy                              .78137     (Insuf)    .00000     1.0000     .00000    
QUE.NumberScheduled                         1.0000     (Insuf)    1.0000     1.0000     1.0000    
QUE.Utilization                             .78137     (Insuf)    .00000     1.0000     .00000    
MA_1.NumberBusy                             .75787     (Insuf)    .00000     1.0000     .00000    
MA_1.NumberScheduled                        1.0000     (Insuf)    1.0000     1.0000     1.0000    
MA_1.Utilization                            .75787     (Insuf)    .00000     1.0000     .00000    
MA_2.NumberBusy                             .89811     (Insuf)    .00000     1.0000     1.0000    
MA_2.NumberScheduled                        1.0000     (Insuf)    1.0000     1.0000     1.0000    
MA_2.Utilization                            .89811     (Insuf)    .00000     1.0000     1.0000    
Queue.Queue.NumberInQueue                   1.9114     (Insuf)    .00000     12.000     .00000    
Machine_1.Queue.NumberInQueue               .49260     (Insuf)    .00000     4.0000     .00000    
Machine_2.Queue.NumberInQueue               1.9770     (Insuf)    .00000     5.0000     1.0000    

                                             OUTPUTS

Identifier                                   Value
_____________________________________________________________

Car.NumberIn                                174.00    
Car.NumberOut                               172.00    
QUE.NumberSeized                            174.00    
QUE.ScheduledUtilization                    .78137    
MA_1.NumberSeized                           79.000    
MA_1.ScheduledUtilization                   .75787    
MA_2.NumberSeized                           94.000    
MA_2.ScheduledUtilization                   .89811    
System.NumberOut                            172.00    


Simulation run time: 0.00 minutes.
Simulation run complete.
